2017-08-25 13:09:20.891  INFO 5148 --- [restartedMain] c.m.SpringBootWebApplication             : Starting SpringBootWebApplication on DESKTOP-OV3GC9D with PID 5148 (started by crims in D:\Program Files\Eclipse\NewWorkSpace\SpringBoot-FileUpload-RestWS)
2017-08-25 13:09:20.896  INFO 5148 --- [restartedMain] c.m.SpringBootWebApplication             : No active profile set, falling back to default profiles: default
2017-08-25 13:09:21.223  INFO 5148 --- [restartedMain] ationConfigEmbeddedWebApplicationContext : Refreshing org.springframework.boot.context.embedded.AnnotationConfigEmbeddedWebApplicationContext@6f3a7f02: startup date [Fri Aug 25 13:09:21 EDT 2017]; root of context hierarchy
2017-08-25 13:09:22.968  INFO 5148 --- [restartedMain] s.b.c.e.t.TomcatEmbeddedServletContainer : Tomcat initialized with port(s): 8080 (http)
2017-08-25 13:09:22.997  INFO 5148 --- [restartedMain] o.a.c.c.StandardService                  : Starting service Tomcat
2017-08-25 13:09:22.999  INFO 5148 --- [restartedMain] o.a.c.c.StandardEngine                   : Starting Servlet Engine: Apache Tomcat/8.5.14
2017-08-25 13:09:23.119  INFO 5148 --- [localhost-startStop-1] o.a.c.c.C.[.[.[/]                        : Initializing Spring embedded WebApplicationContext
2017-08-25 13:09:23.120  INFO 5148 --- [localhost-startStop-1] o.s.w.c.ContextLoader                    : Root WebApplicationContext: initialization completed in 1901 ms
2017-08-25 13:09:23.337  INFO 5148 --- [localhost-startStop-1] o.s.b.w.s.ServletRegistrationBean        : Mapping servlet: 'dispatcherServlet' to [/]
2017-08-25 13:09:23.343  INFO 5148 --- [localhost-startStop-1] o.s.b.w.s.FilterRegistrationBean         : Mapping filter: 'characterEncodingFilter' to: [/*]
2017-08-25 13:09:23.344  INFO 5148 --- [localhost-startStop-1] o.s.b.w.s.FilterRegistrationBean         : Mapping filter: 'hiddenHttpMethodFilter' to: [/*]
2017-08-25 13:09:23.344  INFO 5148 --- [localhost-startStop-1] o.s.b.w.s.FilterRegistrationBean         : Mapping filter: 'httpPutFormContentFilter' to: [/*]
2017-08-25 13:09:23.345  INFO 5148 --- [localhost-startStop-1] o.s.b.w.s.FilterRegistrationBean         : Mapping filter: 'requestContextFilter' to: [/*]
2017-08-25 13:09:23.689  INFO 5148 --- [restartedMain] s.w.s.m.m.a.RequestMappingHandlerAdapter : Looking for @ControllerAdvice: org.springframework.boot.context.embedded.AnnotationConfigEmbeddedWebApplicationContext@6f3a7f02: startup date [Fri Aug 25 13:09:21 EDT 2017]; root of context hierarchy
2017-08-25 13:09:23.787  INFO 5148 --- [restartedMain] s.w.s.m.m.a.RequestMappingHandlerMapping : Mapped "{[/],methods=[GET]}" onto public java.lang.String com.michael.controller.IndexController.index()
2017-08-25 13:09:23.792  INFO 5148 --- [restartedMain] s.w.s.m.m.a.RequestMappingHandlerMapping : Mapped "{[/api/upload/multi/model],methods=[POST]}" onto public org.springframework.http.ResponseEntity<?> com.michael.controller.RestUploadController.multiUploadFileModel(com.michael.model.UploadModel)
2017-08-25 13:09:23.793  INFO 5148 --- [restartedMain] s.w.s.m.m.a.RequestMappingHandlerMapping : Mapped "{[/api/upload],methods=[POST]}" onto public org.springframework.http.ResponseEntity<?> com.michael.controller.RestUploadController.uploadFile(org.springframework.web.multipart.MultipartFile)
2017-08-25 13:09:23.794  INFO 5148 --- [restartedMain] s.w.s.m.m.a.RequestMappingHandlerMapping : Mapped "{[/api/upload/multi],methods=[POST]}" onto public org.springframework.http.ResponseEntity<?> com.michael.controller.RestUploadController.uploadFileMulti(java.lang.String,org.springframework.web.multipart.MultipartFile[])
2017-08-25 13:09:23.801  INFO 5148 --- [restartedMain] s.w.s.m.m.a.RequestMappingHandlerMapping : Mapped "{[/error]}" onto public org.springframework.http.ResponseEntity<java.util.Map<java.lang.String, java.lang.Object>> org.springframework.boot.autoconfigure.web.BasicErrorController.error(javax.servlet.http.HttpServletRequest)
2017-08-25 13:09:23.802  INFO 5148 --- [restartedMain] s.w.s.m.m.a.RequestMappingHandlerMapping : Mapped "{[/error],produces=[text/html]}" onto public org.springframework.web.servlet.ModelAndView org.springframework.boot.autoconfigure.web.BasicErrorController.errorHtml(javax.servlet.http.HttpServletRequest,javax.servlet.http.HttpServletResponse)
2017-08-25 13:09:23.845  INFO 5148 --- [restartedMain] o.s.w.s.h.SimpleUrlHandlerMapping        : Mapped URL path [/webjars/**] onto handler of type [class org.springframework.web.servlet.resource.ResourceHttpRequestHandler]
2017-08-25 13:09:23.845  INFO 5148 --- [restartedMain] o.s.w.s.h.SimpleUrlHandlerMapping        : Mapped URL path [/**] onto handler of type [class org.springframework.web.servlet.resource.ResourceHttpRequestHandler]
2017-08-25 13:09:23.865  INFO 5148 --- [restartedMain] .m.m.a.ExceptionHandlerExceptionResolver : Detected @ExceptionHandler methods in restGlobalExceptionHandler
2017-08-25 13:09:23.912  INFO 5148 --- [restartedMain] o.s.w.s.h.SimpleUrlHandlerMapping        : Mapped URL path [/**/favicon.ico] onto handler of type [class org.springframework.web.servlet.resource.ResourceHttpRequestHandler]
2017-08-25 13:09:24.634  INFO 5148 --- [restartedMain] o.s.b.d.a.OptionalLiveReloadServer       : LiveReload server is running on port 35729
2017-08-25 13:09:24.698  INFO 5148 --- [restartedMain] o.s.j.e.a.AnnotationMBeanExporter        : Registering beans for JMX exposure on startup
2017-08-25 13:09:24.790  INFO 5148 --- [restartedMain] s.b.c.e.t.TomcatEmbeddedServletContainer : Tomcat started on port(s): 8080 (http)
2017-08-25 13:09:24.810  INFO 5148 --- [restartedMain] c.m.SpringBootWebApplication             : Started SpringBootWebApplication in 4.565 seconds (JVM running for 5.397)
2017-08-25 13:11:49.655  INFO 5148 --- [Thread-6] ationConfigEmbeddedWebApplicationContext : Closing org.springframework.boot.context.embedded.AnnotationConfigEmbeddedWebApplicationContext@6f3a7f02: startup date [Fri Aug 25 13:09:21 EDT 2017]; root of context hierarchy
2017-08-25 13:11:49.662  INFO 5148 --- [Thread-6] o.s.j.e.a.AnnotationMBeanExporter        : Unregistering JMX-exposed beans on shutdown
2017-08-25 13:11:50.040  INFO 5148 --- [restartedMain] c.m.SpringBootWebApplication             : Starting SpringBootWebApplication on DESKTOP-OV3GC9D with PID 5148 (started by crims in D:\Program Files\Eclipse\NewWorkSpace\SpringBoot-FileUpload-RestWS)
2017-08-25 13:11:50.041  INFO 5148 --- [restartedMain] c.m.SpringBootWebApplication             : No active profile set, falling back to default profiles: default
2017-08-25 13:11:50.045  INFO 5148 --- [restartedMain] ationConfigEmbeddedWebApplicationContext : Refreshing org.springframework.boot.context.embedded.AnnotationConfigEmbeddedWebApplicationContext@261446b6: startup date [Fri Aug 25 13:11:50 EDT 2017]; root of context hierarchy
2017-08-25 13:11:50.586  INFO 5148 --- [restartedMain] s.b.c.e.t.TomcatEmbeddedServletContainer : Tomcat initialized with port(s): 8080 (http)
2017-08-25 13:11:50.587  INFO 5148 --- [restartedMain] o.a.c.c.StandardService                  : Starting service Tomcat
2017-08-25 13:11:50.587  INFO 5148 --- [restartedMain] o.a.c.c.StandardEngine                   : Starting Servlet Engine: Apache Tomcat/8.5.14
2017-08-25 13:11:50.605  INFO 5148 --- [localhost-startStop-1] o.a.c.c.C.[.[.[/]                        : Initializing Spring embedded WebApplicationContext
2017-08-25 13:11:50.605  INFO 5148 --- [localhost-startStop-1] o.s.w.c.ContextLoader                    : Root WebApplicationContext: initialization completed in 560 ms
2017-08-25 13:11:50.645  INFO 5148 --- [localhost-startStop-1] o.s.b.w.s.ServletRegistrationBean        : Mapping servlet: 'dispatcherServlet' to [/]
2017-08-25 13:11:50.647  INFO 5148 --- [localhost-startStop-1] o.s.b.w.s.FilterRegistrationBean         : Mapping filter: 'characterEncodingFilter' to: [/*]
2017-08-25 13:11:50.648  INFO 5148 --- [localhost-startStop-1] o.s.b.w.s.FilterRegistrationBean         : Mapping filter: 'hiddenHttpMethodFilter' to: [/*]
2017-08-25 13:11:50.649  INFO 5148 --- [localhost-startStop-1] o.s.b.w.s.FilterRegistrationBean         : Mapping filter: 'httpPutFormContentFilter' to: [/*]
2017-08-25 13:11:50.649  INFO 5148 --- [localhost-startStop-1] o.s.b.w.s.FilterRegistrationBean         : Mapping filter: 'requestContextFilter' to: [/*]
2017-08-25 13:11:50.812  INFO 5148 --- [restartedMain] s.w.s.m.m.a.RequestMappingHandlerAdapter : Looking for @ControllerAdvice: org.springframework.boot.context.embedded.AnnotationConfigEmbeddedWebApplicationContext@261446b6: startup date [Fri Aug 25 13:11:50 EDT 2017]; root of context hierarchy
2017-08-25 13:11:50.826  INFO 5148 --- [restartedMain] s.w.s.m.m.a.RequestMappingHandlerMapping : Mapped "{[/],methods=[GET]}" onto public java.lang.String com.michael.controller.IndexController.index()
2017-08-25 13:11:50.828  INFO 5148 --- [restartedMain] s.w.s.m.m.a.RequestMappingHandlerMapping : Mapped "{[/api/upload/multi/model],methods=[POST]}" onto public org.springframework.http.ResponseEntity<?> com.michael.controller.RestUploadController.multiUploadFileModel(com.michael.model.UploadModel)
2017-08-25 13:11:50.829  INFO 5148 --- [restartedMain] s.w.s.m.m.a.RequestMappingHandlerMapping : Mapped "{[/api/upload],methods=[POST]}" onto public org.springframework.http.ResponseEntity<?> com.michael.controller.RestUploadController.uploadFile(org.springframework.web.multipart.MultipartFile)
2017-08-25 13:11:50.829  INFO 5148 --- [restartedMain] s.w.s.m.m.a.RequestMappingHandlerMapping : Mapped "{[/api/upload/multi],methods=[POST]}" onto public org.springframework.http.ResponseEntity<?> com.michael.controller.RestUploadController.uploadFileMulti(java.lang.String,org.springframework.web.multipart.MultipartFile[])
2017-08-25 13:11:50.832  INFO 5148 --- [restartedMain] s.w.s.m.m.a.RequestMappingHandlerMapping : Mapped "{[/error]}" onto public org.springframework.http.ResponseEntity<java.util.Map<java.lang.String, java.lang.Object>> org.springframework.boot.autoconfigure.web.BasicErrorController.error(javax.servlet.http.HttpServletRequest)
2017-08-25 13:11:50.833  INFO 5148 --- [restartedMain] s.w.s.m.m.a.RequestMappingHandlerMapping : Mapped "{[/error],produces=[text/html]}" onto public org.springframework.web.servlet.ModelAndView org.springframework.boot.autoconfigure.web.BasicErrorController.errorHtml(javax.servlet.http.HttpServletRequest,javax.servlet.http.HttpServletResponse)
2017-08-25 13:11:50.846  INFO 5148 --- [restartedMain] o.s.w.s.h.SimpleUrlHandlerMapping        : Mapped URL path [/webjars/**] onto handler of type [class org.springframework.web.servlet.resource.ResourceHttpRequestHandler]
2017-08-25 13:11:50.847  INFO 5148 --- [restartedMain] o.s.w.s.h.SimpleUrlHandlerMapping        : Mapped URL path [/**] onto handler of type [class org.springframework.web.servlet.resource.ResourceHttpRequestHandler]
2017-08-25 13:11:50.858  INFO 5148 --- [restartedMain] .m.m.a.ExceptionHandlerExceptionResolver : Detected @ExceptionHandler methods in restGlobalExceptionHandler
2017-08-25 13:11:50.865  INFO 5148 --- [restartedMain] o.s.w.s.h.SimpleUrlHandlerMapping        : Mapped URL path [/**/favicon.ico] onto handler of type [class org.springframework.web.servlet.resource.ResourceHttpRequestHandler]
2017-08-25 13:11:50.948  INFO 5148 --- [restartedMain] o.s.b.d.a.OptionalLiveReloadServer       : LiveReload server is running on port 35729
2017-08-25 13:11:51.015  INFO 5148 --- [restartedMain] o.s.j.e.a.AnnotationMBeanExporter        : Registering beans for JMX exposure on startup
2017-08-25 13:11:51.028  INFO 5148 --- [restartedMain] s.b.c.e.t.TomcatEmbeddedServletContainer : Tomcat started on port(s): 8080 (http)
2017-08-25 13:11:51.029  INFO 5148 --- [restartedMain] c.m.SpringBootWebApplication             : Started SpringBootWebApplication in 1.053 seconds (JVM running for 151.617)
2017-08-25 13:13:05.641  INFO 5148 --- [Thread-10] ationConfigEmbeddedWebApplicationContext : Closing org.springframework.boot.context.embedded.AnnotationConfigEmbeddedWebApplicationContext@261446b6: startup date [Fri Aug 25 13:11:50 EDT 2017]; root of context hierarchy
2017-08-25 13:13:05.645  INFO 5148 --- [Thread-10] o.s.j.e.a.AnnotationMBeanExporter        : Unregistering JMX-exposed beans on shutdown
2017-08-25 13:13:06.018  INFO 5148 --- [restartedMain] c.m.SpringBootWebApplication             : Starting SpringBootWebApplication on DESKTOP-OV3GC9D with PID 5148 (started by crims in D:\Program Files\Eclipse\NewWorkSpace\SpringBoot-FileUpload-RestWS)
2017-08-25 13:13:06.019  INFO 5148 --- [restartedMain] c.m.SpringBootWebApplication             : No active profile set, falling back to default profiles: default
2017-08-25 13:13:06.022  INFO 5148 --- [restartedMain] ationConfigEmbeddedWebApplicationContext : Refreshing org.springframework.boot.context.embedded.AnnotationConfigEmbeddedWebApplicationContext@40ef4cc2: startup date [Fri Aug 25 13:13:06 EDT 2017]; root of context hierarchy
2017-08-25 13:13:06.665  INFO 5148 --- [restartedMain] s.b.c.e.t.TomcatEmbeddedServletContainer : Tomcat initialized with port(s): 8080 (http)
2017-08-25 13:13:06.667  INFO 5148 --- [restartedMain] o.a.c.c.StandardService                  : Starting service Tomcat
2017-08-25 13:13:06.668  INFO 5148 --- [restartedMain] o.a.c.c.StandardEngine                   : Starting Servlet Engine: Apache Tomcat/8.5.14
2017-08-25 13:13:06.713  INFO 5148 --- [localhost-startStop-1] o.a.c.c.C.[.[.[/]                        : Initializing Spring embedded WebApplicationContext
2017-08-25 13:13:06.713  INFO 5148 --- [localhost-startStop-1] o.s.w.c.ContextLoader                    : Root WebApplicationContext: initialization completed in 691 ms
2017-08-25 13:13:06.774  INFO 5148 --- [localhost-startStop-1] o.s.b.w.s.ServletRegistrationBean        : Mapping servlet: 'dispatcherServlet' to [/]
2017-08-25 13:13:06.775  INFO 5148 --- [localhost-startStop-1] o.s.b.w.s.FilterRegistrationBean         : Mapping filter: 'characterEncodingFilter' to: [/*]
2017-08-25 13:13:06.776  INFO 5148 --- [localhost-startStop-1] o.s.b.w.s.FilterRegistrationBean         : Mapping filter: 'hiddenHttpMethodFilter' to: [/*]
2017-08-25 13:13:06.777  INFO 5148 --- [localhost-startStop-1] o.s.b.w.s.FilterRegistrationBean         : Mapping filter: 'httpPutFormContentFilter' to: [/*]
2017-08-25 13:13:06.777  INFO 5148 --- [localhost-startStop-1] o.s.b.w.s.FilterRegistrationBean         : Mapping filter: 'requestContextFilter' to: [/*]
2017-08-25 13:13:07.016  INFO 5148 --- [restartedMain] s.w.s.m.m.a.RequestMappingHandlerAdapter : Looking for @ControllerAdvice: org.springframework.boot.context.embedded.AnnotationConfigEmbeddedWebApplicationContext@40ef4cc2: startup date [Fri Aug 25 13:13:06 EDT 2017]; root of context hierarchy
2017-08-25 13:13:07.028  INFO 5148 --- [restartedMain] s.w.s.m.m.a.RequestMappingHandlerMapping : Mapped "{[/],methods=[GET]}" onto public java.lang.String com.michael.controller.IndexController.index()
2017-08-25 13:13:07.030  INFO 5148 --- [restartedMain] s.w.s.m.m.a.RequestMappingHandlerMapping : Mapped "{[/api/upload/multi/model],methods=[POST]}" onto public org.springframework.http.ResponseEntity<?> com.michael.controller.RestUploadController.multiUploadFileModel(com.michael.model.UploadModel)
2017-08-25 13:13:07.031  INFO 5148 --- [restartedMain] s.w.s.m.m.a.RequestMappingHandlerMapping : Mapped "{[/api/upload],methods=[POST]}" onto public org.springframework.http.ResponseEntity<?> com.michael.controller.RestUploadController.uploadFile(org.springframework.web.multipart.MultipartFile)
2017-08-25 13:13:07.032  INFO 5148 --- [restartedMain] s.w.s.m.m.a.RequestMappingHandlerMapping : Mapped "{[/api/upload/multi],methods=[POST]}" onto public org.springframework.http.ResponseEntity<?> com.michael.controller.RestUploadController.uploadFileMulti(java.lang.String,org.springframework.web.multipart.MultipartFile[])
2017-08-25 13:13:07.035  INFO 5148 --- [restartedMain] s.w.s.m.m.a.RequestMappingHandlerMapping : Mapped "{[/error]}" onto public org.springframework.http.ResponseEntity<java.util.Map<java.lang.String, java.lang.Object>> org.springframework.boot.autoconfigure.web.BasicErrorController.error(javax.servlet.http.HttpServletRequest)
2017-08-25 13:13:07.037  INFO 5148 --- [restartedMain] s.w.s.m.m.a.RequestMappingHandlerMapping : Mapped "{[/error],produces=[text/html]}" onto public org.springframework.web.servlet.ModelAndView org.springframework.boot.autoconfigure.web.BasicErrorController.errorHtml(javax.servlet.http.HttpServletRequest,javax.servlet.http.HttpServletResponse)
2017-08-25 13:13:07.055  INFO 5148 --- [restartedMain] o.s.w.s.h.SimpleUrlHandlerMapping        : Mapped URL path [/webjars/**] onto handler of type [class org.springframework.web.servlet.resource.ResourceHttpRequestHandler]
2017-08-25 13:13:07.055  INFO 5148 --- [restartedMain] o.s.w.s.h.SimpleUrlHandlerMapping        : Mapped URL path [/**] onto handler of type [class org.springframework.web.servlet.resource.ResourceHttpRequestHandler]
2017-08-25 13:13:07.069  INFO 5148 --- [restartedMain] .m.m.a.ExceptionHandlerExceptionResolver : Detected @ExceptionHandler methods in restGlobalExceptionHandler
2017-08-25 13:13:07.077  INFO 5148 --- [restartedMain] o.s.w.s.h.SimpleUrlHandlerMapping        : Mapped URL path [/**/favicon.ico] onto handler of type [class org.springframework.web.servlet.resource.ResourceHttpRequestHandler]
2017-08-25 13:13:07.164  INFO 5148 --- [restartedMain] o.s.b.d.a.OptionalLiveReloadServer       : LiveReload server is running on port 35729
2017-08-25 13:13:07.228  INFO 5148 --- [restartedMain] o.s.j.e.a.AnnotationMBeanExporter        : Registering beans for JMX exposure on startup
2017-08-25 13:13:07.258  INFO 5148 --- [restartedMain] s.b.c.e.t.TomcatEmbeddedServletContainer : Tomcat started on port(s): 8080 (http)
2017-08-25 13:13:07.262  INFO 5148 --- [restartedMain] c.m.SpringBootWebApplication             : Started SpringBootWebApplication in 1.301 seconds (JVM running for 227.849)
2017-08-25 13:13:16.612  INFO 5148 --- [Thread-16] ationConfigEmbeddedWebApplicationContext : Closing org.springframework.boot.context.embedded.AnnotationConfigEmbeddedWebApplicationContext@40ef4cc2: startup date [Fri Aug 25 13:13:06 EDT 2017]; root of context hierarchy
2017-08-25 13:13:16.614  INFO 5148 --- [Thread-16] o.s.j.e.a.AnnotationMBeanExporter        : Unregistering JMX-exposed beans on shutdown
2017-08-25 13:13:24.446  INFO 5148 --- [restartedMain] c.m.SpringBootWebApplication             : Starting SpringBootWebApplication on DESKTOP-OV3GC9D with PID 5148 (started by crims in D:\Program Files\Eclipse\NewWorkSpace\SpringBoot-FileUpload-RestWS)
2017-08-25 13:13:24.447  INFO 5148 --- [restartedMain] c.m.SpringBootWebApplication             : No active profile set, falling back to default profiles: default
2017-08-25 13:13:24.449  INFO 5148 --- [restartedMain] ationConfigEmbeddedWebApplicationContext : Refreshing org.springframework.boot.context.embedded.AnnotationConfigEmbeddedWebApplicationContext@1f092343: startup date [Fri Aug 25 13:13:24 EDT 2017]; root of context hierarchy
2017-08-25 13:13:24.868  INFO 5148 --- [restartedMain] s.b.c.e.t.TomcatEmbeddedServletContainer : Tomcat initialized with port(s): 8080 (http)
2017-08-25 13:13:24.869  INFO 5148 --- [restartedMain] o.a.c.c.StandardService                  : Starting service Tomcat
2017-08-25 13:13:24.869  INFO 5148 --- [restartedMain] o.a.c.c.StandardEngine                   : Starting Servlet Engine: Apache Tomcat/8.5.14
2017-08-25 13:13:24.886  INFO 5148 --- [localhost-startStop-1] o.a.c.c.C.[.[.[/]                        : Initializing Spring embedded WebApplicationContext
2017-08-25 13:13:24.886  INFO 5148 --- [localhost-startStop-1] o.s.w.c.ContextLoader                    : Root WebApplicationContext: initialization completed in 437 ms
2017-08-25 13:13:24.917  INFO 5148 --- [localhost-startStop-1] o.s.b.w.s.ServletRegistrationBean        : Mapping servlet: 'dispatcherServlet' to [/]
2017-08-25 13:13:24.917  INFO 5148 --- [localhost-startStop-1] o.s.b.w.s.FilterRegistrationBean         : Mapping filter: 'characterEncodingFilter' to: [/*]
2017-08-25 13:13:24.918  INFO 5148 --- [localhost-startStop-1] o.s.b.w.s.FilterRegistrationBean         : Mapping filter: 'hiddenHttpMethodFilter' to: [/*]
2017-08-25 13:13:24.918  INFO 5148 --- [localhost-startStop-1] o.s.b.w.s.FilterRegistrationBean         : Mapping filter: 'httpPutFormContentFilter' to: [/*]
2017-08-25 13:13:24.919  INFO 5148 --- [localhost-startStop-1] o.s.b.w.s.FilterRegistrationBean         : Mapping filter: 'requestContextFilter' to: [/*]
2017-08-25 13:13:24.983  INFO 5148 --- [restartedMain] s.w.s.m.m.a.RequestMappingHandlerAdapter : Looking for @ControllerAdvice: org.springframework.boot.context.embedded.AnnotationConfigEmbeddedWebApplicationContext@1f092343: startup date [Fri Aug 25 13:13:24 EDT 2017]; root of context hierarchy
2017-08-25 13:13:24.993  INFO 5148 --- [restartedMain] s.w.s.m.m.a.RequestMappingHandlerMapping : Mapped "{[/],methods=[GET]}" onto public java.lang.String com.michael.controller.IndexController.index()
2017-08-25 13:13:24.995  INFO 5148 --- [restartedMain] s.w.s.m.m.a.RequestMappingHandlerMapping : Mapped "{[/api/upload/multi/model],methods=[POST]}" onto public org.springframework.http.ResponseEntity<?> com.michael.controller.RestUploadController.multiUploadFileModel(com.michael.model.UploadModel)
2017-08-25 13:13:24.995  INFO 5148 --- [restartedMain] s.w.s.m.m.a.RequestMappingHandlerMapping : Mapped "{[/api/upload],methods=[POST]}" onto public org.springframework.http.ResponseEntity<?> com.michael.controller.RestUploadController.uploadFile(org.springframework.web.multipart.MultipartFile)
2017-08-25 13:13:24.998  INFO 5148 --- [restartedMain] s.w.s.m.m.a.RequestMappingHandlerMapping : Mapped "{[/api/upload/multi],methods=[POST]}" onto public org.springframework.http.ResponseEntity<?> com.michael.controller.RestUploadController.uploadFileMulti(java.lang.String,org.springframework.web.multipart.MultipartFile[])
2017-08-25 13:13:25.007  INFO 5148 --- [restartedMain] s.w.s.m.m.a.RequestMappingHandlerMapping : Mapped "{[/error]}" onto public org.springframework.http.ResponseEntity<java.util.Map<java.lang.String, java.lang.Object>> org.springframework.boot.autoconfigure.web.BasicErrorController.error(javax.servlet.http.HttpServletRequest)
2017-08-25 13:13:25.007  INFO 5148 --- [restartedMain] s.w.s.m.m.a.RequestMappingHandlerMapping : Mapped "{[/error],produces=[text/html]}" onto public org.springframework.web.servlet.ModelAndView org.springframework.boot.autoconfigure.web.BasicErrorController.errorHtml(javax.servlet.http.HttpServletRequest,javax.servlet.http.HttpServletResponse)
2017-08-25 13:13:25.017  INFO 5148 --- [restartedMain] o.s.w.s.h.SimpleUrlHandlerMapping        : Mapped URL path [/webjars/**] onto handler of type [class org.springframework.web.servlet.resource.ResourceHttpRequestHandler]
2017-08-25 13:13:25.017  INFO 5148 --- [restartedMain] o.s.w.s.h.SimpleUrlHandlerMapping        : Mapped URL path [/**] onto handler of type [class org.springframework.web.servlet.resource.ResourceHttpRequestHandler]
2017-08-25 13:13:25.025  INFO 5148 --- [restartedMain] .m.m.a.ExceptionHandlerExceptionResolver : Detected @ExceptionHandler methods in restGlobalExceptionHandler
2017-08-25 13:13:25.030  INFO 5148 --- [restartedMain] o.s.w.s.h.SimpleUrlHandlerMapping        : Mapped URL path [/**/favicon.ico] onto handler of type [class org.springframework.web.servlet.resource.ResourceHttpRequestHandler]
2017-08-25 13:13:25.067  INFO 5148 --- [restartedMain] o.s.b.d.a.OptionalLiveReloadServer       : LiveReload server is running on port 35729
2017-08-25 13:13:25.099  INFO 5148 --- [restartedMain] o.s.j.e.a.AnnotationMBeanExporter        : Registering beans for JMX exposure on startup
2017-08-25 13:13:25.114  INFO 5148 --- [restartedMain] s.b.c.e.t.TomcatEmbeddedServletContainer : Tomcat started on port(s): 8080 (http)
2017-08-25 13:13:25.115  INFO 5148 --- [restartedMain] c.m.SpringBootWebApplication             : Started SpringBootWebApplication in 0.775 seconds (JVM running for 245.703)
2017-08-25 13:13:30.613  INFO 5148 --- [RMI TCP Connection(2)-127.0.0.1] inMXBeanRegistrar$SpringApplicationAdmin : Application shutdown requested.
2017-08-25 13:13:30.613  INFO 5148 --- [RMI TCP Connection(2)-127.0.0.1] ationConfigEmbeddedWebApplicationContext : Closing org.springframework.boot.context.embedded.AnnotationConfigEmbeddedWebApplicationContext@1f092343: startup date [Fri Aug 25 13:13:24 EDT 2017]; root of context hierarchy
2017-08-25 13:13:30.614  INFO 5148 --- [RMI TCP Connection(2)-127.0.0.1] o.s.j.e.a.AnnotationMBeanExporter        : Unregistering JMX-exposed beans on shutdown
